<?xml version="1.0" encoding="UTF-8"?>
<!-- Generated by org.testng.reporters.JUnitReportReporter -->
<testsuite skipped="0" hostname="varshataru" name="pck1.demo5" tests="1" failures="0" timestamp="23 Dec 2018 11:09:44 GMT" time="0.004" errors="0">
  <testcase name="demo5M" time="0.004" classname="pck1.demo5"/>
</testsuite> <!-- pck1.demo5 -->
