<?xml version="1.0" encoding="UTF-8"?>
<!-- Generated by org.testng.reporters.JUnitReportReporter -->
<testsuite skipped="0" hostname="varshataru" name="AmazonTestCases.TC_008_giftCard" tests="1" failures="0" timestamp="22 Jun 2019 10:47:07 GMT" time="122.393" errors="0">
  <testcase name="giftcard" time="122.393" classname="AmazonTestCases.TC_008_giftCard"/>
</testsuite> <!-- AmazonTestCases.TC_008_giftCard -->
