<?xml version="1.0" encoding="UTF-8"?>
<!-- Generated by org.testng.reporters.JUnitReportReporter -->
<testsuite skipped="0" hostname="varshataru" name="ParameterAnnotation" tests="1" failures="0" timestamp="05 Jan 2019 16:05:00 GMT" time="0.010" errors="0">
  <testcase name="demo11" time="0.010" classname="ParameterAnnotation"/>
</testsuite> <!-- ParameterAnnotation -->
