<?xml version="1.0" encoding="UTF-8"?>
<!-- Generated by org.testng.reporters.JUnitReportReporter -->
<testsuite skipped="0" hostname="varshataru" name="pck1.demo1" tests="1" failures="0" timestamp="23 Dec 2018 11:10:05 GMT" time="0.020" errors="0">
  <testcase name="demo1M" time="0.020" classname="pck1.demo1"/>
</testsuite> <!-- pck1.demo1 -->
