<?xml version="1.0" encoding="UTF-8"?>
<!-- Generated by org.testng.reporters.JUnitReportReporter -->
<testsuite skipped="0" hostname="varshataru" name="TestDemo3" tests="2" failures="0" timestamp="23 Dec 2018 10:38:44 GMT" time="0.027" errors="0">
  <testcase name="run" time="0.013" classname="TestDemo3"/>
  <testcase name="run1" time="0.014" classname="TestDemo3"/>
</testsuite> <!-- TestDemo3 -->
