<?xml version="1.0" encoding="UTF-8"?>
<!-- Generated by org.testng.reporters.JUnitReportReporter -->
<testsuite skipped="0" hostname="varshataru" name="AmazonTestCases.TC_007_AutoSuggest" tests="1" failures="0" timestamp="22 Jun 2019 10:04:33 GMT" time="47.071" errors="0">
  <testcase name="autosuggesstion" time="47.071" classname="AmazonTestCases.TC_007_AutoSuggest"/>
</testsuite> <!-- AmazonTestCases.TC_007_AutoSuggest -->
