<?xml version="1.0" encoding="UTF-8"?>
<!-- Generated by org.testng.reporters.JUnitReportReporter -->
<testsuite skipped="0" hostname="varshataru" name="TestDemo1" tests="2" failures="0" timestamp="01 Jun 2019 10:33:25 GMT" time="0.016" errors="0">
  <testcase name="run1" time="0.013" classname="TestDemo1"/>
  <testcase name="run2" time="0.003" classname="TestDemo1"/>
</testsuite> <!-- TestDemo1 -->
