<?xml version="1.0" encoding="UTF-8"?>
<!-- Generated by org.testng.reporters.JUnitReportReporter -->
<testsuite skipped="0" hostname="varshataru" name="AmazonTestCases.PrimeVideo" tests="1" failures="0" timestamp="18 Jun 2019 13:11:25 GMT" time="38.164" errors="0">
  <testcase name="Primevideo" time="38.164" classname="AmazonTestCases.PrimeVideo"/>
</testsuite> <!-- AmazonTestCases.PrimeVideo -->
