<?xml version="1.0" encoding="UTF-8"?>
<!-- Generated by org.testng.reporters.JUnitReportReporter -->
<testsuite skipped="0" hostname="varshataru" name="AmazonTestCases.TC_03BrowserHistory" tests="1" failures="0" timestamp="13 Jun 2019 15:11:18 GMT" time="119.138" errors="0">
  <testcase name="checkHistory" time="119.138" classname="AmazonTestCases.TC_03BrowserHistory"/>
</testsuite> <!-- AmazonTestCases.TC_03BrowserHistory -->
