<?xml version="1.0" encoding="UTF-8"?>
<!-- Generated by org.testng.reporters.JUnitReportReporter -->
<testsuite skipped="0" hostname="varshataru" name="AmazonTestCases.TC_02AddItemToWishList" tests="1" failures="0" timestamp="13 Jun 2019 11:43:21 GMT" time="52.424" errors="0">
  <testcase name="wishList" time="52.424" classname="AmazonTestCases.TC_02AddItemToWishList"/>
</testsuite> <!-- AmazonTestCases.TC_02AddItemToWishList -->
