<?xml version="1.0" encoding="UTF-8"?>
<!-- Generated by org.testng.reporters.JUnitReportReporter -->
<testsuite skipped="0" hostname="varshataru" name="Demo1" tests="2" failures="0" timestamp="23 Dec 2018 10:29:06 GMT" time="0.005" errors="0">
  <testcase name="Demo1run2" time="0.003" classname="Demo1"/>
  <testcase name="Demo1run1" time="0.002" classname="Demo1"/>
</testsuite> <!-- Demo1 -->
