<?xml version="1.0" encoding="UTF-8"?>
<!-- Generated by org.testng.reporters.JUnitReportReporter -->
<testsuite skipped="0" hostname="varshataru" name="AnnotationTestCase" tests="5" failures="0" timestamp="29 Dec 2018 10:23:16 GMT" time="0.022" errors="0">
  <testcase name="m2" time="0.002" classname="AnnotationTestCase"/>
  <testcase name="m2" time="0.002" classname="AnnotationTestCase"/>
  <testcase name="m1" time="0.011" classname="AnnotationTestCase"/>
  <testcase name="m1" time="0.003" classname="AnnotationTestCase"/>
  <testcase name="m1" time="0.004" classname="AnnotationTestCase"/>
</testsuite> <!-- AnnotationTestCase -->
