<?xml version="1.0" encoding="UTF-8"?>
<!-- Generated by org.testng.reporters.JUnitReportReporter -->
<testsuite skipped="1" hostname="varshataru" name="testcases" tests="14" failures="0" timestamp="29 Dec 2018 09:33:39 GMT" time="0.057" errors="0">
  <testcase name="TC_02" time="0.013" classname="testcases"/>
  <testcase name="TC_01" time="0.002" classname="testcases"/>
  <testcase name="TC_10" time="0.002" classname="testcases"/>
  <testcase name="TC_05" time="0.003" classname="testcases"/>
  <testcase name="TC_01" time="0.008" classname="testcases"/>
  <testcase name="TC_01" time="0.003" classname="testcases"/>
  <testcase name="TC_04" time="0.002" classname="testcases"/>
  <testcase name="TC_07" time="0.002" classname="testcases"/>
  <testcase name="TC_01" time="0.004" classname="testcases"/>
  <testcase name="TC_08" time="0.011" classname="testcases"/>
  <testcase name="TC_01" time="0.003" classname="testcases"/>
  <testcase name="TC_06" time="0.002" classname="testcases"/>
  <testcase name="TC_09" time="0.002" classname="testcases"/>
  <testcase name="TC_03" classname="testcases">
    <skipped/>
  </testcase> <!-- TC_03 -->
</testsuite> <!-- testcases -->
