<?xml version="1.0" encoding="UTF-8"?>
<!-- Generated by org.testng.reporters.JUnitReportReporter -->
<testsuite skipped="0" hostname="varshataru" name="AmazonTestCases.TC_007_AutoSuggest" tests="1" failures="0" timestamp="18 Jun 2019 12:28:43 GMT" time="25.198" errors="0">
  <testcase name="autosuggesstion" time="25.198" classname="AmazonTestCases.TC_007_AutoSuggest"/>
</testsuite> <!-- AmazonTestCases.TC_007_AutoSuggest -->
