<?xml version="1.0" encoding="UTF-8"?>
<!-- Generated by org.testng.reporters.JUnitReportReporter -->
<testsuite skipped="0" hostname="varshataru" name="Demo2" tests="2" failures="0" timestamp="23 Dec 2018 10:29:06 GMT" time="0.015" errors="0">
  <testcase name="run2" time="0.007" classname="Demo2"/>
  <testcase name="run1" time="0.008" classname="Demo2"/>
</testsuite> <!-- Demo2 -->
