<?xml version="1.0" encoding="UTF-8"?>
<!-- Generated by org.testng.reporters.JUnitReportReporter -->
<testsuite skipped="0" hostname="varshataru" name="AmazonTestCases.TC_04_SignOut" tests="1" failures="0" timestamp="18 Jun 2019 13:12:22 GMT" time="28.104" errors="0">
  <testcase name="signOut" time="28.104" classname="AmazonTestCases.TC_04_SignOut"/>
</testsuite> <!-- AmazonTestCases.TC_04_SignOut -->
