<?xml version="1.0" encoding="UTF-8"?>
<!-- Generated by org.testng.reporters.JUnitReportReporter -->
<testsuite skipped="0" hostname="varshataru" name="AmazonTestCases.ProductDetails" tests="1" failures="0" timestamp="20 Jun 2019 07:41:38 GMT" time="51.396" errors="0">
  <testcase name="ProDetails" time="51.396" classname="AmazonTestCases.ProductDetails"/>
</testsuite> <!-- AmazonTestCases.ProductDetails -->
