<?xml version="1.0" encoding="UTF-8"?>
<!-- Generated by org.testng.reporters.JUnitReportReporter -->
<testsuite skipped="0" hostname="varshataru" name="pck1.demo4" tests="1" failures="0" timestamp="23 Dec 2018 11:10:05 GMT" time="0.003" errors="0">
  <testcase name="demo4M" time="0.003" classname="pck1.demo4"/>
</testsuite> <!-- pck1.demo4 -->
